<?xml version="1.0" encoding="UTF-8"?>
<testsuite name="Scenario: Verify login page display" time="0.001" tests="3" errors="0" skipped="0" failures="0">
  <properties>
[...]
</properties>
  <testcase name="Scenario: Verify login page display" classname="Scenario: Verify login page display" time="0"/>
  <testcase name="Then Verify email textbox is display" classname="Scenario: Verify login page display" time="0.001"/>
  <testcase name="And Verify password textbox is display" classname="Scenario: Verify login page display" time="0"/>
</testsuite>